# JRE version: OpenJDK Runtime Environment (8.0_202-b03) (build 1.8.0_202-release-1483-b03)
# Java VM: OpenJDK 64-Bit Server VM (25.202-b03 mixed mode windows-amd64 compressed oops)
Heap:
 PSYoungGen      total 176128K, used 48236K [0x00000000e0000000, 0x00000000ecb80000, 0x0000000100000000)
  eden space 157696K, 18% used [0x00000000e0000000,0x00000000e1d20260,0x00000000e9a00000)
  from space 18432K, 99% used [0x00000000e9a00000,0x00000000eabfaf18,0x00000000eac00000)
  to   space 20992K, 0% used [0x00000000eb700000,0x00000000eb700000,0x00000000ecb80000)
 ParOldGen       total 177664K, used 32280K [0x00000000a0000000, 0x00000000aad80000, 0x00000000e0000000)
  object space 177664K, 18% used [0x00000000a0000000,0x00000000a1f863b8,0x00000000aad80000)
 Metaspace       used 74852K, capacity 77886K, committed 78168K, reserved 1116160K
  class space    used 10204K, capacity 10800K, committed 10880K, reserved 1048576K
GC Heap History (10 events):
Event: 9.734 GC heap before
{Heap before GC invocations=10 (full 2):
 PSYoungGen      total 111616K, used 111587K [0x00000000e0000000, 0x00000000e9e80000, 0x0000000100000000)
  eden space 98816K, 100% used [0x00000000e0000000,0x00000000e6080000,0x00000000e6080000)
  from space 12800K, 99% used [0x00000000e6080000,0x00000000e6cf8d68,0x00000000e6d00000)
  to   space 14336K, 0% used [0x00000000e9080000,0x00000000e9080000,0x00000000e9e80000)
 ParOldGen       total 177664K, used 17475K [0x00000000a0000000, 0x00000000aad80000, 0x00000000e0000000)
  object space 177664K, 9% used [0x00000000a0000000,0x00000000a1110fa8,0x00000000aad80000)
 Metaspace       used 52671K, capacity 54148K, committed 54528K, reserved 1095680K
  class space    used 7148K, capacity 7553K, committed 7680K, reserved 1048576K
Event: 9.749 GC heap after
Heap after GC invocations=10 (full 2):
 PSYoungGen      total 144896K, used 14333K [0x00000000e0000000, 0x00000000ea800000, 0x0000000100000000)
  eden space 130560K, 0% used [0x00000000e0000000,0x00000000e0000000,0x00000000e7f80000)
  from space 14336K, 99% used [0x00000000e9080000,0x00000000e9e7f530,0x00000000e9e80000)
  to   space 17408K, 0% used [0x00000000e7f80000,0x00000000e7f80000,0x00000000e9080000)
 ParOldGen       total 177664K, used 20361K [0x00000000a0000000, 0x00000000aad80000, 0x00000000e0000000)
  object space 177664K, 11% used [0x00000000a0000000,0x00000000a13e2790,0x00000000aad80000)
 Metaspace       used 52671K, capacity 54148K, committed 54528K, reserved 1095680K
  class space    used 7148K, capacity 7553K, committed 7680K, reserved 1048576K
}
Event: 10.539 GC heap before
{Heap before GC invocations=11 (full 2):
 PSYoungGen      total 144896K, used 73881K [0x00000000e0000000, 0x00000000ea800000, 0x0000000100000000)
  eden space 130560K, 45% used [0x00000000e0000000,0x00000000e3a26fe8,0x00000000e7f80000)
  from space 14336K, 99% used [0x00000000e9080000,0x00000000e9e7f530,0x00000000e9e80000)
  to   space 17408K, 0% used [0x00000000e7f80000,0x00000000e7f80000,0x00000000e9080000)
 ParOldGen       total 177664K, used 20361K [0x00000000a0000000, 0x00000000aad80000, 0x00000000e0000000)
  object space 177664K, 11% used [0x00000000a0000000,0x00000000a13e2790,0x00000000aad80000)
 Metaspace       used 57308K, capacity 58962K, committed 59096K, reserved 1099776K
  class space    used 7780K, capacity 8166K, committed 8192K, reserved 1048576K
Event: 10.554 GC heap after
Heap after GC invocations=11 (full 2):
 PSYoungGen      total 147968K, used 16690K [0x00000000e0000000, 0x00000000ec600000, 0x0000000100000000)
  eden space 130560K, 0% used [0x00000000e0000000,0x00000000e0000000,0x00000000e7f80000)
  from space 17408K, 95% used [0x00000000e7f80000,0x00000000e8fccb38,0x00000000e9080000)
  to   space 18944K, 0% used [0x00000000eb380000,0x00000000eb380000,0x00000000ec600000)
 ParOldGen       total 177664K, used 20433K [0x00000000a0000000, 0x00000000aad80000, 0x00000000e0000000)
  object space 177664K, 11% used [0x00000000a0000000,0x00000000a13f47a0,0x00000000aad80000)
 Metaspace       used 57308K, capacity 58962K, committed 59096K, reserved 1099776K
  class space    used 7780K, capacity 8166K, committed 8192K, reserved 1048576K
}
Event: 10.554 GC heap before
{Heap before GC invocations=12 (full 3):
 PSYoungGen      total 147968K, used 16690K [0x00000000e0000000, 0x00000000ec600000, 0x0000000100000000)
  eden space 130560K, 0% used [0x00000000e0000000,0x00000000e0000000,0x00000000e7f80000)
  from space 17408K, 95% used [0x00000000e7f80000,0x00000000e8fccb38,0x00000000e9080000)
  to   space 18944K, 0% used [0x00000000eb380000,0x00000000eb380000,0x00000000ec600000)
 ParOldGen       total 177664K, used 20433K [0x00000000a0000000, 0x00000000aad80000, 0x00000000e0000000)
  object space 177664K, 11% used [0x00000000a0000000,0x00000000a13f47a0,0x00000000aad80000)
 Metaspace       used 57308K, capacity 58962K, committed 59096K, reserved 1099776K
  class space    used 7780K, capacity 8166K, committed 8192K, reserved 1048576K
Event: 10.789 GC heap after
Heap after GC invocations=12 (full 3):
 PSYoungGen      total 147968K, used 0K [0x00000000e0000000, 0x00000000ec600000, 0x0000000100000000)
  eden space 130560K, 0% used [0x00000000e0000000,0x00000000e0000000,0x00000000e7f80000)
  from space 17408K, 0% used [0x00000000e7f80000,0x00000000e7f80000,0x00000000e9080000)
  to   space 18944K, 0% used [0x00000000eb380000,0x00000000eb380000,0x00000000ec600000)
 ParOldGen       total 177664K, used 30899K [0x00000000a0000000, 0x00000000aad80000, 0x00000000e0000000)
  object space 177664K, 17% used [0x00000000a0000000,0x00000000a1e2cc18,0x00000000aad80000)
 Metaspace       used 57308K, capacity 58962K, committed 59096K, reserved 1099776K
  class space    used 7780K, capacity 8166K, committed 8192K, reserved 1048576K
}
Event: 13.080 GC heap before
{Heap before GC invocations=13 (full 3):
 PSYoungGen      total 147968K, used 130560K [0x00000000e0000000, 0x00000000ec600000, 0x0000000100000000)
  eden space 130560K, 100% used [0x00000000e0000000,0x00000000e7f80000,0x00000000e7f80000)
  from space 17408K, 0% used [0x00000000e7f80000,0x00000000e7f80000,0x00000000e9080000)
  to   space 18944K, 0% used [0x00000000eb380000,0x00000000eb380000,0x00000000ec600000)
 ParOldGen       total 177664K, used 30899K [0x00000000a0000000, 0x00000000aad80000, 0x00000000e0000000)
  object space 177664K, 17% used [0x00000000a0000000,0x00000000a1e2cc18,0x00000000aad80000)
 Metaspace       used 61388K, capacity 63532K, committed 63576K, reserved 1103872K
  class space    used 8351K, capacity 8831K, committed 8832K, reserved 1048576K
Event: 13.094 GC heap after
Heap after GC invocations=13 (full 3):
 PSYoungGen      total 159744K, used 10598K [0x00000000e0000000, 0x00000000ebe00000, 0x0000000100000000)
  eden space 148992K, 0% used [0x00000000e0000000,0x00000000e0000000,0x00000000e9180000)
  from space 10752K, 98% used [0x00000000eb380000,0x00000000ebdd9af8,0x00000000ebe00000)
  to   space 18432K, 0% used [0x00000000e9a00000,0x00000000e9a00000,0x00000000eac00000)
 ParOldGen       total 177664K, used 30907K [0x00000000a0000000, 0x00000000aad80000, 0x00000000e0000000)
  object space 177664K, 17% used [0x00000000a0000000,0x00000000a1e2ec18,0x00000000aad80000)
 Metaspace       used 61388K, capacity 63532K, committed 63576K, reserved 1103872K
  class space    used 8351K, capacity 8831K, committed 8832K, reserved 1048576K
}
Event: 21.138 GC heap before
{Heap before GC invocations=14 (full 3):
 PSYoungGen      total 159744K, used 159590K [0x00000000e0000000, 0x00000000ebe00000, 0x0000000100000000)
  eden space 148992K, 100% used [0x00000000e0000000,0x00000000e9180000,0x00000000e9180000)
  from space 10752K, 98% used [0x00000000eb380000,0x00000000ebdd9af8,0x00000000ebe00000)
  to   space 18432K, 0% used [0x00000000e9a00000,0x00000000e9a00000,0x00000000eac00000)
 ParOldGen       total 177664K, used 30907K [0x00000000a0000000, 0x00000000aad80000, 0x00000000e0000000)
  object space 177664K, 17% used [0x00000000a0000000,0x00000000a1e2ec18,0x00000000aad80000)
 Metaspace       used 73620K, capacity 76264K, committed 76376K, reserved 1116160K
  class space    used 9968K, capacity 10525K, committed 10624K, reserved 1048576K
Event: 21.156 GC heap after
Heap after GC invocations=14 (full 3):
 PSYoungGen      total 176128K, used 18411K [0x00000000e0000000, 0x00000000ecb80000, 0x0000000100000000)
  eden space 157696K, 0% used [0x00000000e0000000,0x00000000e0000000,0x00000000e9a00000)
  from space 18432K, 99% used [0x00000000e9a00000,0x00000000eabfaf18,0x00000000eac00000)
  to   space 20992K, 0% used [0x00000000eb700000,0x00000000eb700000,0x00000000ecb80000)
 ParOldGen       total 177664K, used 32280K [0x00000000a0000000, 0x00000000aad80000, 0x00000000e0000000)
  object space 177664K, 18% used [0x00000000a0000000,0x00000000a1f863b8,0x00000000aad80000)
 Metaspace       used 73620K, capacity 76264K, committed 76376K, reserved 1116160K
  class space    used 9968K, capacity 10525K, committed 10624K, reserved 1048576K
}

