# JRE version: OpenJDK Runtime Environment (8.0_202-b03) (build 1.8.0_202-release-1483-b03)
# Java VM: OpenJDK 64-Bit Server VM (25.202-b03 mixed mode windows-amd64 compressed oops)
Heap:
 PSYoungGen      total 179200K, used 75465K [0x00000000e0000000, 0x00000000ec700000, 0x0000000100000000)
  eden space 160256K, 47% used [0x00000000e0000000,0x00000000e49b2750,0x00000000e9c80000)
  from space 18944K, 0% used [0x00000000e9c80000,0x00000000e9c80000,0x00000000eaf00000)
  to   space 15360K, 0% used [0x00000000eaf00000,0x00000000eaf00000,0x00000000ebe00000)
 ParOldGen       total 147456K, used 29065K [0x00000000a0000000, 0x00000000a9000000, 0x00000000e0000000)
  object space 147456K, 19% used [0x00000000a0000000,0x00000000a1c627e0,0x00000000a9000000)
 Metaspace       used 59810K, capacity 62048K, committed 62208K, reserved 1103872K
  class space    used 8172K, capacity 8649K, committed 8704K, reserved 1048576K
GC Heap History (10 events):
Event: 18.194 GC heap before
{Heap before GC invocations=8 (full 2):
 PSYoungGen      total 121856K, used 9850K [0x00000000e0000000, 0x00000000e8600000, 0x0000000100000000)
  eden space 111616K, 0% used [0x00000000e0000000,0x00000000e0000000,0x00000000e6d00000)
  from space 10240K, 96% used [0x00000000e7c00000,0x00000000e859eba0,0x00000000e8600000)
  to   space 12800K, 0% used [0x00000000e6d00000,0x00000000e6d00000,0x00000000e7980000)
 ParOldGen       total 97280K, used 11844K [0x00000000a0000000, 0x00000000a5f00000, 0x00000000e0000000)
  object space 97280K, 12% used [0x00000000a0000000,0x00000000a0b91270,0x00000000a5f00000)
 Metaspace       used 34652K, capacity 35414K, committed 35456K, reserved 1079296K
  class space    used 4780K, capacity 4973K, committed 4992K, reserved 1048576K
Event: 18.286 GC heap after
Heap after GC invocations=8 (full 2):
 PSYoungGen      total 121856K, used 0K [0x00000000e0000000, 0x00000000e8600000, 0x0000000100000000)
  eden space 111616K, 0% used [0x00000000e0000000,0x00000000e0000000,0x00000000e6d00000)
  from space 10240K, 0% used [0x00000000e7c00000,0x00000000e7c00000,0x00000000e8600000)
  to   space 12800K, 0% used [0x00000000e6d00000,0x00000000e6d00000,0x00000000e7980000)
 ParOldGen       total 147456K, used 16937K [0x00000000a0000000, 0x00000000a9000000, 0x00000000e0000000)
  object space 147456K, 11% used [0x00000000a0000000,0x00000000a108a750,0x00000000a9000000)
 Metaspace       used 34621K, capacity 35312K, committed 35456K, reserved 1079296K
  class space    used 4771K, capacity 4956K, committed 4992K, reserved 1048576K
}
Event: 19.702 GC heap before
{Heap before GC invocations=9 (full 2):
 PSYoungGen      total 121856K, used 111616K [0x00000000e0000000, 0x00000000e8600000, 0x0000000100000000)
  eden space 111616K, 100% used [0x00000000e0000000,0x00000000e6d00000,0x00000000e6d00000)
  from space 10240K, 0% used [0x00000000e7c00000,0x00000000e7c00000,0x00000000e8600000)
  to   space 12800K, 0% used [0x00000000e6d00000,0x00000000e6d00000,0x00000000e7980000)
 ParOldGen       total 147456K, used 16937K [0x00000000a0000000, 0x00000000a9000000, 0x00000000e0000000)
  object space 147456K, 11% used [0x00000000a0000000,0x00000000a108a750,0x00000000a9000000)
 Metaspace       used 45599K, capacity 46684K, committed 46976K, reserved 1089536K
  class space    used 6148K, capacity 6463K, committed 6528K, reserved 1048576K
Event: 19.715 GC heap after
Heap after GC invocations=9 (full 2):
 PSYoungGen      total 124416K, used 12788K [0x00000000e0000000, 0x00000000ebe00000, 0x0000000100000000)
  eden space 111616K, 0% used [0x00000000e0000000,0x00000000e0000000,0x00000000e6d00000)
  from space 12800K, 99% used [0x00000000e6d00000,0x00000000e797d038,0x00000000e7980000)
  to   space 15360K, 0% used [0x00000000eaf00000,0x00000000eaf00000,0x00000000ebe00000)
 ParOldGen       total 147456K, used 19256K [0x00000000a0000000, 0x00000000a9000000, 0x00000000e0000000)
  object space 147456K, 13% used [0x00000000a0000000,0x00000000a12ce060,0x00000000a9000000)
 Metaspace       used 45599K, capacity 46684K, committed 46976K, reserved 1089536K
  class space    used 6148K, capacity 6463K, committed 6528K, reserved 1048576K
}
Event: 21.111 GC heap before
{Heap before GC invocations=10 (full 2):
 PSYoungGen      total 124416K, used 124404K [0x00000000e0000000, 0x00000000ebe00000, 0x0000000100000000)
  eden space 111616K, 100% used [0x00000000e0000000,0x00000000e6d00000,0x00000000e6d00000)
  from space 12800K, 99% used [0x00000000e6d00000,0x00000000e797d038,0x00000000e7980000)
  to   space 15360K, 0% used [0x00000000eaf00000,0x00000000eaf00000,0x00000000ebe00000)
 ParOldGen       total 147456K, used 19256K [0x00000000a0000000, 0x00000000a9000000, 0x00000000e0000000)
  object space 147456K, 13% used [0x00000000a0000000,0x00000000a12ce060,0x00000000a9000000)
 Metaspace       used 55454K, capacity 57054K, committed 57088K, reserved 1097728K
  class space    used 7538K, capacity 7932K, committed 7936K, reserved 1048576K
Event: 21.126 GC heap after
Heap after GC invocations=10 (full 2):
 PSYoungGen      total 175616K, used 15339K [0x00000000e0000000, 0x00000000ec700000, 0x0000000100000000)
  eden space 160256K, 0% used [0x00000000e0000000,0x00000000e0000000,0x00000000e9c80000)
  from space 15360K, 99% used [0x00000000eaf00000,0x00000000ebdfaff0,0x00000000ebe00000)
  to   space 18944K, 0% used [0x00000000e9c80000,0x00000000e9c80000,0x00000000eaf00000)
 ParOldGen       total 147456K, used 23471K [0x00000000a0000000, 0x00000000a9000000, 0x00000000e0000000)
  object space 147456K, 15% used [0x00000000a0000000,0x00000000a16ebd50,0x00000000a9000000)
 Metaspace       used 55454K, capacity 57054K, committed 57088K, reserved 1097728K
  class space    used 7538K, capacity 7932K, committed 7936K, reserved 1048576K
}
Event: 21.835 GC heap before
{Heap before GC invocations=11 (full 2):
 PSYoungGen      total 175616K, used 45295K [0x00000000e0000000, 0x00000000ec700000, 0x0000000100000000)
  eden space 160256K, 18% used [0x00000000e0000000,0x00000000e1d40da0,0x00000000e9c80000)
  from space 15360K, 99% used [0x00000000eaf00000,0x00000000ebdfaff0,0x00000000ebe00000)
  to   space 18944K, 0% used [0x00000000e9c80000,0x00000000e9c80000,0x00000000eaf00000)
 ParOldGen       total 147456K, used 23471K [0x00000000a0000000, 0x00000000a9000000, 0x00000000e0000000)
  object space 147456K, 15% used [0x00000000a0000000,0x00000000a16ebd50,0x00000000a9000000)
 Metaspace       used 57290K, capacity 58948K, committed 59096K, reserved 1099776K
  class space    used 7790K, capacity 8197K, committed 8320K, reserved 1048576K
Event: 21.848 GC heap after
Heap after GC invocations=11 (full 2):
 PSYoungGen      total 179200K, used 14729K [0x00000000e0000000, 0x00000000ec700000, 0x0000000100000000)
  eden space 160256K, 0% used [0x00000000e0000000,0x00000000e0000000,0x00000000e9c80000)
  from space 18944K, 77% used [0x00000000e9c80000,0x00000000eaae2798,0x00000000eaf00000)
  to   space 15360K, 0% used [0x00000000eaf00000,0x00000000eaf00000,0x00000000ebe00000)
 ParOldGen       total 147456K, used 23479K [0x00000000a0000000, 0x00000000a9000000, 0x00000000e0000000)
  object space 147456K, 15% used [0x00000000a0000000,0x00000000a16edd50,0x00000000a9000000)
 Metaspace       used 57290K, capacity 58948K, committed 59096K, reserved 1099776K
  class space    used 7790K, capacity 8197K, committed 8320K, reserved 1048576K
}
Event: 21.848 GC heap before
{Heap before GC invocations=12 (full 3):
 PSYoungGen      total 179200K, used 14729K [0x00000000e0000000, 0x00000000ec700000, 0x0000000100000000)
  eden space 160256K, 0% used [0x00000000e0000000,0x00000000e0000000,0x00000000e9c80000)
  from space 18944K, 77% used [0x00000000e9c80000,0x00000000eaae2798,0x00000000eaf00000)
  to   space 15360K, 0% used [0x00000000eaf00000,0x00000000eaf00000,0x00000000ebe00000)
 ParOldGen       total 147456K, used 23479K [0x00000000a0000000, 0x00000000a9000000, 0x00000000e0000000)
  object space 147456K, 15% used [0x00000000a0000000,0x00000000a16edd50,0x00000000a9000000)
 Metaspace       used 57290K, capacity 58948K, committed 59096K, reserved 1099776K
  class space    used 7790K, capacity 8197K, committed 8320K, reserved 1048576K
Event: 22.083 GC heap after
Heap after GC invocations=12 (full 3):
 PSYoungGen      total 179200K, used 0K [0x00000000e0000000, 0x00000000ec700000, 0x0000000100000000)
  eden space 160256K, 0% used [0x00000000e0000000,0x00000000e0000000,0x00000000e9c80000)
  from space 18944K, 0% used [0x00000000e9c80000,0x00000000e9c80000,0x00000000eaf00000)
  to   space 15360K, 0% used [0x00000000eaf00000,0x00000000eaf00000,0x00000000ebe00000)
 ParOldGen       total 147456K, used 29065K [0x00000000a0000000, 0x00000000a9000000, 0x00000000e0000000)
  object space 147456K, 19% used [0x00000000a0000000,0x00000000a1c627e0,0x00000000a9000000)
 Metaspace       used 57290K, capacity 58948K, committed 59096K, reserved 1099776K
  class space    used 7790K, capacity 8197K, committed 8320K, reserved 1048576K
}

